<?xml version="1.0" encoding="UTF-8"?>
<testng-results skipped="0" failed="0" ignored="0" total="2" passed="2">
  <reporter-output>
  </reporter-output>
  <suite name="Suite" duration-ms="23" started-at="2020-02-07T01:13:46Z" finished-at="2020-02-07T01:13:46Z">
    <groups>
    </groups>
    <test name="Test" duration-ms="23" started-at="2020-02-07T01:13:46Z" finished-at="2020-02-07T01:13:46Z">
      <class name="com.demoGit.TestDemo">
        <test-method status="PASS" signature="firstTest()[pri:0, instance:com.demoGit.TestDemo@68be2bc2]" name="firstTest" duration-ms="8" started-at="2020-02-07T06:43:46Z" finished-at="2020-02-07T06:43:46Z">
          <reporter-output>
          </reporter-output>
        </test-method> <!-- firstTest -->
        <test-method status="PASS" signature="secondTest()[pri:0, instance:com.demoGit.TestDemo@68be2bc2]" name="secondTest" duration-ms="0" started-at="2020-02-07T06:43:46Z" finished-at="2020-02-07T06:43:46Z">
          <reporter-output>
          </reporter-output>
        </test-method> <!-- secondTest -->
      </class> <!-- com.demoGit.TestDemo -->
    </test> <!-- Test -->
  </suite> <!-- Suite -->
</testng-results>
